Determining if the pthread_create exist failed with the following output:
Change Dir: /home/aayushman/ros_workspace/ros-sandbox/assignment_2/AlphaMale1996_pid_control/build/CMakeFiles/CMakeTmp

Run Build Command:/usr/bin/make "cmTryCompileExec4166354985/fast"
make[1]: Entering directory `/home/aayushman/ros_workspace/ros-sandbox/assignment_2/AlphaMale1996_pid_control/build/CMakeFiles/CMakeTmp'
/usr/bin/make -f CMakeFiles/cmTryCompileExec4166354985.dir/build.make CMakeFiles/cmTryCompileExec4166354985.dir/build
make[2]: Entering directory `/home/aayushman/ros_workspace/ros-sandbox/assignment_2/AlphaMale1996_pid_control/build/CMakeFiles/CMakeTmp'
/usr/bin/cmake -E cmake_progress_report /home/aayushman/ros_workspace/ros-sandbox/assignment_2/AlphaMale1996_pid_control/build/CMakeFiles/CMakeTmp/CMakeFiles 1
Building C object CMakeFiles/cmTryCompileExec4166354985.dir/CheckSymbolExists.c.o
/usr/bin/cc    -o CMakeFiles/cmTryCompileExec4166354985.dir/CheckSymbolExists.c.o   -c /home/aayushman/ros_workspace/ros-sandbox/assignment_2/AlphaMale1996_pid_control/build/CMakeFiles/CMakeTmp/CheckSymbolExists.c
Linking C executable cmTryCompileExec4166354985
/usr/bin/cmake -E cmake_link_script CMakeFiles/cmTryCompileExec4166354985.dir/link.txt --verbose=1
/usr/bin/cc       CMakeFiles/cmTryCompileExec4166354985.dir/CheckSymbolExists.c.o  -o cmTryCompileExec4166354985 -rdynamic 
CMakeFiles/cmTryCompileExec4166354985.dir/CheckSymbolExists.c.o: In function `main':
CheckSymbolExists.c:(.text+0x16): undefined reference to `pthread_create'
collect2: error: ld returned 1 exit status
make[2]: *** [cmTryCompileExec4166354985] Error 1
make[2]: Leaving directory `/home/aayushman/ros_workspace/ros-sandbox/assignment_2/AlphaMale1996_pid_control/build/CMakeFiles/CMakeTmp'
make[1]: *** [cmTryCompileExec4166354985/fast] Error 2
make[1]: Leaving directory `/home/aayushman/ros_workspace/ros-sandbox/assignment_2/AlphaMale1996_pid_control/build/CMakeFiles/CMakeTmp'

File /home/aayushman/ros_workspace/ros-sandbox/assignment_2/AlphaMale1996_pid_control/build/CMakeFiles/CMakeTmp/CheckSymbolExists.c:
/* */
#include <pthread.h>

int main(int argc, char** argv)
{
  (void)argv;
#ifndef pthread_create
  return ((int*)(&pthread_create))[argc];
#else
  (void)argc;
  return 0;
#endif
}

Determining if the function pthread_create exists in the pthreads failed with the following output:
Change Dir: /home/aayushman/ros_workspace/ros-sandbox/assignment_2/AlphaMale1996_pid_control/build/CMakeFiles/CMakeTmp

Run Build Command:/usr/bin/make "cmTryCompileExec179192939/fast"
make[1]: Entering directory `/home/aayushman/ros_workspace/ros-sandbox/assignment_2/AlphaMale1996_pid_control/build/CMakeFiles/CMakeTmp'
/usr/bin/make -f CMakeFiles/cmTryCompileExec179192939.dir/build.make CMakeFiles/cmTryCompileExec179192939.dir/build
make[2]: Entering directory `/home/aayushman/ros_workspace/ros-sandbox/assignment_2/AlphaMale1996_pid_control/build/CMakeFiles/CMakeTmp'
/usr/bin/cmake -E cmake_progress_report /home/aayushman/ros_workspace/ros-sandbox/assignment_2/AlphaMale1996_pid_control/build/CMakeFiles/CMakeTmp/CMakeFiles 1
Building C object CMakeFiles/cmTryCompileExec179192939.dir/CheckFunctionExists.c.o
/usr/bin/cc   -DCHECK_FUNCTION_EXISTS=pthread_create   -o CMakeFiles/cmTryCompileExec179192939.dir/CheckFunctionExists.c.o   -c /usr/share/cmake-2.8/Modules/CheckFunctionExists.c
Linking C executable cmTryCompileExec179192939
/usr/bin/cmake -E cmake_link_script CMakeFiles/cmTryCompileExec179192939.dir/link.txt --verbose=1
/usr/bin/cc   -DCHECK_FUNCTION_EXISTS=pthread_create    CMakeFiles/cmTryCompileExec179192939.dir/CheckFunctionExists.c.o  -o cmTryCompileExec179192939 -rdynamic -lpthreads 
/usr/bin/ld: cannot find -lpthreads
collect2: error: ld returned 1 exit status
make[2]: *** [cmTryCompileExec179192939] Error 1
make[2]: Leaving directory `/home/aayushman/ros_workspace/ros-sandbox/assignment_2/AlphaMale1996_pid_control/build/CMakeFiles/CMakeTmp'
make[1]: *** [cmTryCompileExec179192939/fast] Error 2
make[1]: Leaving directory `/home/aayushman/ros_workspace/ros-sandbox/assignment_2/AlphaMale1996_pid_control/build/CMakeFiles/CMakeTmp'


